{"C:\\xampp\\htdocs\\scrum-system-frontend\\src\\components\\MenuBar.vue": {"path":"C:\\xampp\\htdocs\\scrum-system-frontend\\src\\components\\MenuBar.vue","statementMap":{"0":{"start":{"line":7,"column":17},"end":{"line":7,"column":28}},"1":{"start":{"line":9,"column":15},"end":{"line":9,"column":24}},"2":{"start":{"line":10,"column":16},"end":{"line":10,"column":30}},"3":{"start":{"line":11,"column":18},"end":{"line":11,"column":25}},"4":{"start":{"line":13,"column":2},"end":{"line":16,"column":5}},"5":{"start":{"line":14,"column":4},"end":{"line":14,"column":27}},"6":{"start":{"line":15,"column":4},"end":{"line":15,"column":58}},"7":{"start":{"line":19,"column":4},"end":{"line":25,"column":9}},"8":{"start":{"line":21,"column":8},"end":{"line":21,"column":26}},"9":{"start":{"line":24,"column":8},"end":{"line":24,"column":27}},"10":{"start":{"line":26,"column":4},"end":{"line":26,"column":36}},"11":{"start":{"line":27,"column":4},"end":{"line":27,"column":22}},"12":{"start":{"line":28,"column":4},"end":{"line":28,"column":35}},"13":{"start":{"line":65,"column":20},"end":{"line":65,"column":null}},"14":{"start":{"line":73,"column":17},"end":{"line":73,"column":null}},"15":{"start":{"line":75,"column":22},"end":{"line":75,"column":null}},"16":{"start":{"line":80,"column":17},"end":{"line":80,"column":null}},"17":{"start":{"line":33,"column":2},"end":{"line":1,"column":14}},"18":{"start":{"line":43,"column":20},"end":{"line":1,"column":14}},"19":{"start":{"line":42,"column":17},"end":{"line":41,"column":17}},"20":{"start":{"line":45,"column":19},"end":{"line":45,"column":19}},"21":{"start":{"line":48,"column":61},"end":{"line":48,"column":69}},"22":{"start":{"line":51,"column":6},"end":{"line":51,"column":14}},"23":{"start":{"line":54,"column":6},"end":{"line":54,"column":14}},"24":{"start":{"line":57,"column":6},"end":{"line":57,"column":14}},"25":{"start":{"line":60,"column":6},"end":{"line":60,"column":14}},"26":{"start":{"line":62,"column":43},"end":{"line":1,"column":14}},"27":{"start":{"line":68,"column":23},"end":{"line":1,"column":14}},"28":{"start":{"line":67,"column":23},"end":{"line":66,"column":null}},"29":{"start":{"line":87,"column":17},"end":{"line":1,"column":14}},"30":{"start":{"line":86,"column":24},"end":{"line":1,"column":14}},"31":{"start":{"line":85,"column":18},"end":{"line":1,"column":14}},"32":{"start":{"line":77,"column":25},"end":{"line":76,"column":null}},"33":{"start":{"line":84,"column":52},"end":{"line":84,"column":62}},"34":{"start":{"line":84,"column":70},"end":{"line":84,"column":78}}},"fnMap":{"0":{"name":"(anonymous_0)","decl":{"start":{"line":13,"column":12},"end":{"line":13,"column":13}},"loc":{"start":{"line":13,"column":18},"end":{"line":16,"column":3}},"line":13},"1":{"name":"logout","decl":{"start":{"line":18,"column":11},"end":{"line":18,"column":17}},"loc":{"start":{"line":18,"column":20},"end":{"line":29,"column":3}},"line":18},"2":{"name":"(anonymous_2)","decl":{"start":{"line":20,"column":12},"end":{"line":20,"column":13}},"loc":{"start":{"line":20,"column":22},"end":{"line":22,"column":7}},"line":20},"3":{"name":"(anonymous_3)","decl":{"start":{"line":23,"column":13},"end":{"line":23,"column":14}},"loc":{"start":{"line":23,"column":24},"end":{"line":25,"column":7}},"line":23},"4":{"name":"(anonymous_4)","decl":{"start":{"line":35,"column":6},"end":{"line":35,"column":20}},"loc":{"start":{"line":43,"column":20},"end":{"line":1,"column":14}},"line":43},"5":{"name":"(anonymous_5)","decl":{"start":{"line":36,"column":8},"end":{"line":36,"column":null}},"loc":{"start":{"line":42,"column":17},"end":{"line":41,"column":17}},"line":42},"6":{"name":"(anonymous_6)","decl":{"start":{"line":45,"column":8},"end":{"line":45,"column":11}},"loc":{"start":{"line":45,"column":19},"end":{"line":45,"column":19}},"line":45},"7":{"name":"(anonymous_7)","decl":{"start":{"line":48,"column":52},"end":{"line":48,"column":61}},"loc":{"start":{"line":48,"column":61},"end":{"line":48,"column":69}},"line":48},"8":{"name":"(anonymous_8)","decl":{"start":{"line":49,"column":71},"end":{"line":49,"column":null}},"loc":{"start":{"line":51,"column":6},"end":{"line":51,"column":14}},"line":51},"9":{"name":"(anonymous_9)","decl":{"start":{"line":52,"column":77},"end":{"line":52,"column":null}},"loc":{"start":{"line":54,"column":6},"end":{"line":54,"column":14}},"line":54},"10":{"name":"(anonymous_10)","decl":{"start":{"line":55,"column":76},"end":{"line":55,"column":null}},"loc":{"start":{"line":57,"column":6},"end":{"line":57,"column":14}},"line":57},"11":{"name":"(anonymous_11)","decl":{"start":{"line":58,"column":71},"end":{"line":58,"column":null}},"loc":{"start":{"line":60,"column":6},"end":{"line":60,"column":14}},"line":60},"12":{"name":"(anonymous_12)","decl":{"start":{"line":63,"column":10},"end":{"line":63,"column":17}},"loc":{"start":{"line":62,"column":43},"end":{"line":1,"column":14}},"line":62},"13":{"name":"(anonymous_13)","decl":{"start":{"line":64,"column":12},"end":{"line":64,"column":22}},"loc":{"start":{"line":68,"column":23},"end":{"line":1,"column":14}},"line":68},"14":{"name":"(anonymous_14)","decl":{"start":{"line":65,"column":14},"end":{"line":65,"column":20}},"loc":{"start":{"line":67,"column":23},"end":{"line":66,"column":null}},"line":67},"15":{"name":"(anonymous_15)","decl":{"start":{"line":71,"column":8},"end":{"line":71,"column":null}},"loc":{"start":{"line":87,"column":17},"end":{"line":1,"column":14}},"line":87},"16":{"name":"(anonymous_16)","decl":{"start":{"line":72,"column":10},"end":{"line":72,"column":null}},"loc":{"start":{"line":86,"column":24},"end":{"line":1,"column":14}},"line":86},"17":{"name":"(anonymous_17)","decl":{"start":{"line":73,"column":12},"end":{"line":73,"column":17}},"loc":{"start":{"line":85,"column":18},"end":{"line":1,"column":14}},"line":85},"18":{"name":"(anonymous_18)","decl":{"start":{"line":75,"column":16},"end":{"line":75,"column":22}},"loc":{"start":{"line":77,"column":25},"end":{"line":76,"column":null}},"line":77},"19":{"name":"(anonymous_19)","decl":{"start":{"line":84,"column":50},"end":{"line":84,"column":52}},"loc":{"start":{"line":84,"column":52},"end":{"line":84,"column":62}},"line":84},"20":{"name":"(anonymous_20)","decl":{"start":{"line":84,"column":62},"end":{"line":84,"column":70}},"loc":{"start":{"line":84,"column":70},"end":{"line":84,"column":78}},"line":84}},"branchMap":{"0":{"loc":{"start":{"line":49,"column":19},"end":{"line":1,"column":14}},"type":"cond-expr","locations":[{"start":{"line":49,"column":6},"end":{"line":1,"column":14}},{"start":{"line":1,"column":0},"end":{"line":1,"column":14}}],"line":49},"1":{"loc":{"start":{"line":52,"column":19},"end":{"line":1,"column":14}},"type":"cond-expr","locations":[{"start":{"line":52,"column":6},"end":{"line":1,"column":14}},{"start":{"line":1,"column":0},"end":{"line":1,"column":14}}],"line":52},"2":{"loc":{"start":{"line":55,"column":19},"end":{"line":1,"column":14}},"type":"cond-expr","locations":[{"start":{"line":55,"column":6},"end":{"line":1,"column":14}},{"start":{"line":1,"column":0},"end":{"line":1,"column":14}}],"line":55},"3":{"loc":{"start":{"line":58,"column":19},"end":{"line":1,"column":14}},"type":"cond-expr","locations":[{"start":{"line":58,"column":6},"end":{"line":1,"column":14}},{"start":{"line":1,"column":0},"end":{"line":1,"column":14}}],"line":58},"4":{"loc":{"start":{"line":61,"column":20},"end":{"line":1,"column":14}},"type":"cond-expr","locations":[{"start":{"line":61,"column":6},"end":{"line":1,"column":14}},{"start":{"line":1,"column":0},"end":{"line":1,"column":14}}],"line":61},"5":{"loc":{"start":{"line":84,"column":50},"end":{"line":84,"column":62}},"type":"binary-expr","locations":[{"start":{"line":84,"column":50},"end":{"line":84,"column":52}},{"start":{"line":84,"column":50},"end":{"line":84,"column":62}}],"line":84}},"s":{"0":3,"1":3,"2":3,"3":3,"4":3,"5":3,"6":3,"7":1,"8":1,"9":0,"10":1,"11":1,"12":1,"13":1,"14":1,"15":1,"16":1,"17":3,"18":6,"19":6,"20":3,"21":3,"22":4,"23":2,"24":2,"25":2,"26":2,"27":2,"28":2,"29":2,"30":2,"31":2,"32":2,"33":1,"34":2},"f":{"0":3,"1":1,"2":1,"3":0,"4":6,"5":6,"6":3,"7":3,"8":4,"9":2,"10":2,"11":2,"12":2,"13":2,"14":2,"15":2,"16":2,"17":2,"18":2,"19":1,"20":2},"b":{"0":[4,2],"1":[2,4],"2":[2,4],"3":[2,4],"4":[2,4],"5":[2,2]},"meta":{"lastBranch":6,"lastFunction":21,"lastStatement":35,"seen":{"s:7:17:7:28":0,"s:9:15:9:24":1,"s:10:16:10:30":2,"s:11:18:11:25":3,"s:13:2:16:5":4,"f:13:12:13:13":0,"s:14:4:14:27":5,"s:15:4:15:58":6,"f:18:11:18:17":1,"s:19:4:25:9":7,"f:20:12:20:13":2,"s:21:8:21:26":8,"f:23:13:23:14":3,"s:24:8:24:27":9,"s:26:4:26:36":10,"s:27:4:27:22":11,"s:28:4:28:35":12,"s:65:20:65:Infinity":13,"s:73:17:73:Infinity":14,"s:75:22:75:Infinity":15,"s:80:17:80:Infinity":16,"s:33:2:1:14":17,"f:35:6:35:20":4,"s:43:20:1:14":18,"f:36:8:36:Infinity":5,"s:42:17:41:17":19,"f:45:8:45:11":6,"s:45:19:45:19":20,"f:48:52:48:61":7,"s:48:61:48:69":21,"b:49:6:1:14:1:0:1:14":0,"f:49:71:49:Infinity":8,"s:51:6:51:14":22,"b:52:6:1:14:1:0:1:14":1,"f:52:77:52:Infinity":9,"s:54:6:54:14":23,"b:55:6:1:14:1:0:1:14":2,"f:55:76:55:Infinity":10,"s:57:6:57:14":24,"b:58:6:1:14:1:0:1:14":3,"f:58:71:58:Infinity":11,"s:60:6:60:14":25,"b:61:6:1:14:1:0:1:14":4,"f:63:10:63:17":12,"s:62:43:1:14":26,"f:64:12:64:22":13,"s:68:23:1:14":27,"f:65:14:65:20":14,"s:67:23:66:Infinity":28,"f:71:8:71:Infinity":15,"s:87:17:1:14":29,"f:72:10:72:Infinity":16,"s:86:24:1:14":30,"f:73:12:73:17":17,"s:85:18:1:14":31,"f:75:16:75:22":18,"s:77:25:76:Infinity":32,"b:84:50:84:52:84:50:84:62":5,"f:84:50:84:52":19,"s:84:52:84:62":33,"f:84:62:84:70":20,"s:84:70:84:78":34},"fnNames":{}}}
}
