{"C:\\xampp\\htdocs\\scrum-system-frontend\\src\\components\\MenuBar.vue": {"path":"C:\\xampp\\htdocs\\scrum-system-frontend\\src\\components\\MenuBar.vue","statementMap":{"0":{"start":{"line":7,"column":17},"end":{"line":7,"column":28}},"1":{"start":{"line":9,"column":15},"end":{"line":9,"column":24}},"2":{"start":{"line":10,"column":16},"end":{"line":10,"column":35}},"3":{"start":{"line":11,"column":18},"end":{"line":11,"column":25}},"4":{"start":{"line":13,"column":2},"end":{"line":16,"column":5}},"5":{"start":{"line":14,"column":4},"end":{"line":14,"column":27}},"6":{"start":{"line":15,"column":4},"end":{"line":15,"column":58}},"7":{"start":{"line":19,"column":4},"end":{"line":25,"column":9}},"8":{"start":{"line":21,"column":8},"end":{"line":21,"column":26}},"9":{"start":{"line":24,"column":8},"end":{"line":24,"column":27}},"10":{"start":{"line":26,"column":4},"end":{"line":26,"column":36}},"11":{"start":{"line":27,"column":4},"end":{"line":27,"column":22}},"12":{"start":{"line":28,"column":4},"end":{"line":28,"column":35}},"13":{"start":{"line":59,"column":20},"end":{"line":59,"column":null}},"14":{"start":{"line":67,"column":17},"end":{"line":67,"column":null}},"15":{"start":{"line":69,"column":22},"end":{"line":69,"column":null}},"16":{"start":{"line":74,"column":17},"end":{"line":74,"column":null}},"17":{"start":{"line":33,"column":2},"end":{"line":78,"column":78}},"18":{"start":{"line":43,"column":20},"end":{"line":78,"column":78}},"19":{"start":{"line":42,"column":17},"end":{"line":41,"column":17}},"20":{"start":{"line":45,"column":19},"end":{"line":45,"column":19}},"21":{"start":{"line":48,"column":110},"end":{"line":48,"column":118}},"22":{"start":{"line":51,"column":6},"end":{"line":51,"column":14}},"23":{"start":{"line":54,"column":6},"end":{"line":54,"column":14}},"24":{"start":{"line":56,"column":43},"end":{"line":60,"column":null}},"25":{"start":{"line":62,"column":23},"end":{"line":60,"column":null}},"26":{"start":{"line":61,"column":23},"end":{"line":60,"column":null}},"27":{"start":{"line":81,"column":17},"end":{"line":78,"column":78}},"28":{"start":{"line":80,"column":24},"end":{"line":78,"column":78}},"29":{"start":{"line":79,"column":18},"end":{"line":78,"column":78}},"30":{"start":{"line":71,"column":25},"end":{"line":70,"column":null}},"31":{"start":{"line":78,"column":52},"end":{"line":78,"column":62}},"32":{"start":{"line":78,"column":70},"end":{"line":78,"column":78}}},"fnMap":{"0":{"name":"(anonymous_0)","decl":{"start":{"line":13,"column":12},"end":{"line":13,"column":13}},"loc":{"start":{"line":13,"column":18},"end":{"line":16,"column":3}},"line":13},"1":{"name":"logout","decl":{"start":{"line":18,"column":11},"end":{"line":18,"column":17}},"loc":{"start":{"line":18,"column":20},"end":{"line":29,"column":3}},"line":18},"2":{"name":"(anonymous_2)","decl":{"start":{"line":20,"column":12},"end":{"line":20,"column":13}},"loc":{"start":{"line":20,"column":22},"end":{"line":22,"column":7}},"line":20},"3":{"name":"(anonymous_3)","decl":{"start":{"line":23,"column":13},"end":{"line":23,"column":14}},"loc":{"start":{"line":23,"column":24},"end":{"line":25,"column":7}},"line":23},"4":{"name":"(anonymous_4)","decl":{"start":{"line":35,"column":6},"end":{"line":35,"column":20}},"loc":{"start":{"line":43,"column":20},"end":{"line":78,"column":78}},"line":43},"5":{"name":"(anonymous_5)","decl":{"start":{"line":36,"column":8},"end":{"line":36,"column":null}},"loc":{"start":{"line":42,"column":17},"end":{"line":41,"column":17}},"line":42},"6":{"name":"(anonymous_6)","decl":{"start":{"line":45,"column":8},"end":{"line":45,"column":11}},"loc":{"start":{"line":45,"column":19},"end":{"line":45,"column":19}},"line":45},"7":{"name":"(anonymous_7)","decl":{"start":{"line":48,"column":100},"end":{"line":48,"column":110}},"loc":{"start":{"line":48,"column":110},"end":{"line":48,"column":118}},"line":48},"8":{"name":"(anonymous_8)","decl":{"start":{"line":49,"column":71},"end":{"line":49,"column":null}},"loc":{"start":{"line":51,"column":6},"end":{"line":51,"column":14}},"line":51},"9":{"name":"(anonymous_9)","decl":{"start":{"line":52,"column":102},"end":{"line":52,"column":null}},"loc":{"start":{"line":54,"column":6},"end":{"line":54,"column":14}},"line":54},"10":{"name":"(anonymous_10)","decl":{"start":{"line":57,"column":10},"end":{"line":57,"column":17}},"loc":{"start":{"line":56,"column":43},"end":{"line":60,"column":null}},"line":56},"11":{"name":"(anonymous_11)","decl":{"start":{"line":58,"column":12},"end":{"line":58,"column":22}},"loc":{"start":{"line":62,"column":23},"end":{"line":60,"column":null}},"line":62},"12":{"name":"(anonymous_12)","decl":{"start":{"line":59,"column":14},"end":{"line":59,"column":20}},"loc":{"start":{"line":61,"column":23},"end":{"line":60,"column":null}},"line":61},"13":{"name":"(anonymous_13)","decl":{"start":{"line":65,"column":8},"end":{"line":65,"column":null}},"loc":{"start":{"line":81,"column":17},"end":{"line":78,"column":78}},"line":81},"14":{"name":"(anonymous_14)","decl":{"start":{"line":66,"column":10},"end":{"line":66,"column":null}},"loc":{"start":{"line":80,"column":24},"end":{"line":78,"column":78}},"line":80},"15":{"name":"(anonymous_15)","decl":{"start":{"line":67,"column":12},"end":{"line":67,"column":17}},"loc":{"start":{"line":79,"column":18},"end":{"line":78,"column":78}},"line":79},"16":{"name":"(anonymous_16)","decl":{"start":{"line":69,"column":16},"end":{"line":69,"column":22}},"loc":{"start":{"line":71,"column":25},"end":{"line":70,"column":null}},"line":71},"17":{"name":"(anonymous_17)","decl":{"start":{"line":78,"column":50},"end":{"line":78,"column":52}},"loc":{"start":{"line":78,"column":52},"end":{"line":78,"column":62}},"line":78},"18":{"name":"(anonymous_18)","decl":{"start":{"line":78,"column":62},"end":{"line":78,"column":70}},"loc":{"start":{"line":78,"column":70},"end":{"line":78,"column":78}},"line":78}},"branchMap":{"0":{"loc":{"start":{"line":48,"column":19},"end":{"line":48,"column":118}},"type":"cond-expr","locations":[{"start":{"line":48,"column":6},"end":{"line":48,"column":118}}],"line":48},"1":{"loc":{"start":{"line":48,"column":19},"end":{"line":48,"column":60}},"type":"binary-expr","locations":[{"start":{"line":48,"column":19},"end":{"line":48,"column":36}},{"start":{"line":48,"column":36},"end":{"line":48,"column":60}}],"line":48},"2":{"loc":{"start":{"line":48,"column":110},"end":{"line":48,"column":118}},"type":"binary-expr","locations":[{"start":{"line":48,"column":110},"end":{"line":48,"column":118}},{"start":{"line":48,"column":110},"end":{"line":48,"column":118}}],"line":48},"3":{"loc":{"start":{"line":49,"column":19},"end":{"line":51,"column":14}},"type":"cond-expr","locations":[{"start":{"line":49,"column":6},"end":{"line":51,"column":14}}],"line":49},"4":{"loc":{"start":{"line":51,"column":6},"end":{"line":51,"column":14}},"type":"binary-expr","locations":[{"start":{"line":51,"column":6},"end":{"line":51,"column":14}},{"start":{"line":51,"column":6},"end":{"line":51,"column":14}}],"line":51},"5":{"loc":{"start":{"line":52,"column":19},"end":{"line":54,"column":14}},"type":"cond-expr","locations":[{"start":{"line":52,"column":6},"end":{"line":54,"column":14}}],"line":52},"6":{"loc":{"start":{"line":52,"column":19},"end":{"line":52,"column":60}},"type":"binary-expr","locations":[{"start":{"line":52,"column":19},"end":{"line":52,"column":36}},{"start":{"line":52,"column":36},"end":{"line":52,"column":60}}],"line":52},"7":{"loc":{"start":{"line":54,"column":6},"end":{"line":54,"column":14}},"type":"binary-expr","locations":[{"start":{"line":54,"column":6},"end":{"line":54,"column":14}},{"start":{"line":54,"column":6},"end":{"line":54,"column":14}}],"line":54},"8":{"loc":{"start":{"line":55,"column":20},"end":{"line":78,"column":78}},"type":"cond-expr","locations":[{"start":{"line":55,"column":6},"end":{"line":78,"column":78}}],"line":55},"9":{"loc":{"start":{"line":78,"column":50},"end":{"line":78,"column":62}},"type":"binary-expr","locations":[{"start":{"line":78,"column":50},"end":{"line":78,"column":52}},{"start":{"line":78,"column":50},"end":{"line":78,"column":62}}],"line":78},"10":{"loc":{"start":{"line":78,"column":70},"end":{"line":78,"column":78}},"type":"binary-expr","locations":[{"start":{"line":78,"column":70},"end":{"line":78,"column":78}},{"start":{"line":78,"column":70},"end":{"line":78,"column":78}}],"line":78}},"s":{"0":3,"1":3,"2":3,"3":3,"4":3,"5":3,"6":3,"7":1,"8":1,"9":0,"10":1,"11":1,"12":1,"13":1,"14":1,"15":1,"16":1,"17":3,"18":6,"19":6,"20":3,"21":4,"22":4,"23":0,"24":2,"25":2,"26":2,"27":2,"28":2,"29":2,"30":2,"31":1,"32":2},"f":{"0":3,"1":1,"2":1,"3":0,"4":6,"5":6,"6":3,"7":4,"8":4,"9":0,"10":2,"11":2,"12":2,"13":2,"14":2,"15":2,"16":2,"17":1,"18":2},"b":{"0":[4],"1":[6,2],"2":[4,3],"3":[4],"4":[4,3],"5":[0],"6":[6,2],"7":[0,0],"8":[2],"9":[2,2],"10":[2,2]},"meta":{"lastBranch":11,"lastFunction":19,"lastStatement":33,"seen":{"s:7:17:7:28":0,"s:9:15:9:24":1,"s:10:16:10:35":2,"s:11:18:11:25":3,"s:13:2:16:5":4,"f:13:12:13:13":0,"s:14:4:14:27":5,"s:15:4:15:58":6,"f:18:11:18:17":1,"s:19:4:25:9":7,"f:20:12:20:13":2,"s:21:8:21:26":8,"f:23:13:23:14":3,"s:24:8:24:27":9,"s:26:4:26:36":10,"s:27:4:27:22":11,"s:28:4:28:35":12,"s:59:20:59:Infinity":13,"s:67:17:67:Infinity":14,"s:69:22:69:Infinity":15,"s:74:17:74:Infinity":16,"s:33:2:78:78":17,"f:35:6:35:20":4,"s:43:20:78:78":18,"f:36:8:36:Infinity":5,"s:42:17:41:17":19,"f:45:8:45:11":6,"s:45:19:45:19":20,"b:48:6:48:118":0,"b:48:19:48:36:48:36:48:60":1,"f:48:100:48:110":7,"s:48:110:48:118":21,"b:48:110:48:118:48:110:48:118":2,"b:49:6:51:14":3,"f:49:71:49:Infinity":8,"s:51:6:51:14":22,"b:51:6:51:14:51:6:51:14":4,"b:52:6:54:14":5,"b:52:19:52:36:52:36:52:60":6,"f:52:102:52:Infinity":9,"s:54:6:54:14":23,"b:54:6:54:14:54:6:54:14":7,"b:55:6:78:78":8,"f:57:10:57:17":10,"s:56:43:60:Infinity":24,"f:58:12:58:22":11,"s:62:23:60:Infinity":25,"f:59:14:59:20":12,"s:61:23:60:Infinity":26,"f:65:8:65:Infinity":13,"s:81:17:78:78":27,"f:66:10:66:Infinity":14,"s:80:24:78:78":28,"f:67:12:67:17":15,"s:79:18:78:78":29,"f:69:16:69:22":16,"s:71:25:70:Infinity":30,"b:78:50:78:52:78:50:78:62":9,"f:78:50:78:52":17,"s:78:52:78:62":31,"f:78:62:78:70":18,"s:78:70:78:78":32,"b:78:70:78:78:78:70:78:78":10},"fnNames":{}}}
}
