{"total": {"lines":{"total":32,"covered":30,"skipped":0,"pct":93.75},"statements":{"total":33,"covered":31,"skipped":0,"pct":93.93},"functions":{"total":19,"covered":17,"skipped":0,"pct":89.47},"branches":{"total":18,"covered":15,"skipped":0,"pct":83.33},"branchesTrue":{"total":0,"covered":0,"skipped":0,"pct":"Unknown"}}
,"C:\\xampp\\htdocs\\scrum-system-frontend\\src\\components\\MenuBar.vue": {"lines":{"total":32,"covered":30,"skipped":0,"pct":93.75},"functions":{"total":19,"covered":17,"skipped":0,"pct":89.47},"statements":{"total":33,"covered":31,"skipped":0,"pct":93.93},"branches":{"total":18,"covered":15,"skipped":0,"pct":83.33}}
}
