{"total": {"lines":{"total":34,"covered":33,"skipped":0,"pct":97.05},"statements":{"total":35,"covered":34,"skipped":0,"pct":97.14},"functions":{"total":21,"covered":20,"skipped":0,"pct":95.23},"branches":{"total":12,"covered":12,"skipped":0,"pct":100},"branchesTrue":{"total":0,"covered":0,"skipped":0,"pct":"Unknown"}}
,"C:\\xampp\\htdocs\\scrum-system-frontend\\src\\components\\MenuBar.vue": {"lines":{"total":34,"covered":33,"skipped":0,"pct":97.05},"functions":{"total":21,"covered":20,"skipped":0,"pct":95.23},"statements":{"total":35,"covered":34,"skipped":0,"pct":97.14},"branches":{"total":12,"covered":12,"skipped":0,"pct":100}}
}
