TN:
SF:src\components\MenuBar.vue
FN:13,(anonymous_0)
FN:18,logout
FN:20,(anonymous_2)
FN:23,(anonymous_3)
FN:35,(anonymous_4)
FN:36,(anonymous_5)
FN:45,(anonymous_6)
FN:48,(anonymous_7)
FN:49,(anonymous_8)
FN:52,(anonymous_9)
FN:55,(anonymous_10)
FN:58,(anonymous_11)
FN:63,(anonymous_12)
FN:64,(anonymous_13)
FN:65,(anonymous_14)
FN:71,(anonymous_15)
FN:72,(anonymous_16)
FN:73,(anonymous_17)
FN:75,(anonymous_18)
FN:84,(anonymous_19)
FN:84,(anonymous_20)
FNF:21
FNH:20
FNDA:3,(anonymous_0)
FNDA:1,logout
FNDA:1,(anonymous_2)
FNDA:0,(anonymous_3)
FNDA:6,(anonymous_4)
FNDA:6,(anonymous_5)
FNDA:3,(anonymous_6)
FNDA:3,(anonymous_7)
FNDA:4,(anonymous_8)
FNDA:2,(anonymous_9)
FNDA:2,(anonymous_10)
FNDA:2,(anonymous_11)
FNDA:2,(anonymous_12)
FNDA:2,(anonymous_13)
FNDA:2,(anonymous_14)
FNDA:2,(anonymous_15)
FNDA:2,(anonymous_16)
FNDA:2,(anonymous_17)
FNDA:2,(anonymous_18)
FNDA:1,(anonymous_19)
FNDA:2,(anonymous_20)
DA:7,3
DA:9,3
DA:10,3
DA:11,3
DA:13,3
DA:14,3
DA:15,3
DA:19,1
DA:21,1
DA:24,0
DA:26,1
DA:27,1
DA:28,1
DA:33,3
DA:42,6
DA:43,6
DA:45,3
DA:48,3
DA:51,4
DA:54,2
DA:57,2
DA:60,2
DA:62,2
DA:65,1
DA:67,2
DA:68,2
DA:73,1
DA:75,1
DA:77,2
DA:80,1
DA:84,2
DA:85,2
DA:86,2
DA:87,2
LF:34
LH:33
BRDA:49,0,0,4
BRDA:49,0,1,2
BRDA:52,1,0,2
BRDA:52,1,1,4
BRDA:55,2,0,2
BRDA:55,2,1,4
BRDA:58,3,0,2
BRDA:58,3,1,4
BRDA:61,4,0,2
BRDA:61,4,1,4
BRDA:84,5,0,2
BRDA:84,5,1,2
BRF:12
BRH:12
end_of_record
