TN:
SF:src\components\MenuBar.vue
FN:13,(anonymous_0)
FN:18,logout
FN:20,(anonymous_2)
FN:23,(anonymous_3)
FN:35,(anonymous_4)
FN:36,(anonymous_5)
FN:45,(anonymous_6)
FN:48,(anonymous_7)
FN:49,(anonymous_8)
FN:52,(anonymous_9)
FN:57,(anonymous_10)
FN:58,(anonymous_11)
FN:59,(anonymous_12)
FN:65,(anonymous_13)
FN:66,(anonymous_14)
FN:67,(anonymous_15)
FN:69,(anonymous_16)
FN:78,(anonymous_17)
FN:78,(anonymous_18)
FNF:19
FNH:17
FNDA:3,(anonymous_0)
FNDA:1,logout
FNDA:1,(anonymous_2)
FNDA:0,(anonymous_3)
FNDA:6,(anonymous_4)
FNDA:6,(anonymous_5)
FNDA:3,(anonymous_6)
FNDA:4,(anonymous_7)
FNDA:4,(anonymous_8)
FNDA:0,(anonymous_9)
FNDA:2,(anonymous_10)
FNDA:2,(anonymous_11)
FNDA:2,(anonymous_12)
FNDA:2,(anonymous_13)
FNDA:2,(anonymous_14)
FNDA:2,(anonymous_15)
FNDA:2,(anonymous_16)
FNDA:1,(anonymous_17)
FNDA:2,(anonymous_18)
DA:7,3
DA:9,3
DA:10,3
DA:11,3
DA:13,3
DA:14,3
DA:15,3
DA:19,1
DA:21,1
DA:24,0
DA:26,1
DA:27,1
DA:28,1
DA:33,3
DA:42,6
DA:43,6
DA:45,3
DA:48,4
DA:51,4
DA:54,0
DA:56,2
DA:59,1
DA:61,2
DA:62,2
DA:67,1
DA:69,1
DA:71,2
DA:74,1
DA:78,2
DA:79,2
DA:80,2
DA:81,2
LF:32
LH:30
BRDA:48,0,0,4
BRDA:48,1,0,6
BRDA:48,1,1,2
BRDA:48,2,0,4
BRDA:48,2,1,3
BRDA:49,3,0,4
BRDA:51,4,0,4
BRDA:51,4,1,3
BRDA:52,5,0,0
BRDA:52,6,0,6
BRDA:52,6,1,2
BRDA:54,7,0,0
BRDA:54,7,1,0
BRDA:55,8,0,2
BRDA:78,9,0,2
BRDA:78,9,1,2
BRDA:78,10,0,2
BRDA:78,10,1,2
BRF:18
BRH:15
end_of_record
